<?xml version="1.0" encoding="UTF-8"?>
<!-- Generated by org.testng.reporters.JUnitReportReporter -->
<testsuite hostname="SPMSFrontENDSVR" failures="0" tests="1" name="com.spms.testcases.LaunchApplication" time="11.289" errors="0" timestamp="21 Jul 2021 10:25:02 GMT" skipped="0">
  <testcase classname="com.spms.testcases.LaunchApplication" name="launchApp" time="11.289"/>
</testsuite> <!-- com.spms.testcases.LaunchApplication -->
